[debug] [2018-12-01T22:26:19.524Z] ----------------------------------------------------------------------
[debug] [2018-12-01T22:26:19.524Z] Command:       C:\Program Files\nodejs\node.exe C:\Users\Hannah\AppData\Roaming\npm\node_modules\firebase-tools\lib\bin\firebase.js serve
[debug] [2018-12-01T22:26:19.524Z] CLI Version:   6.1.1
[debug] [2018-12-01T22:26:19.524Z] Platform:      win32
[debug] [2018-12-01T22:26:19.524Z] Node Version:  v8.11.3
[debug] [2018-12-01T22:26:19.524Z] Time:          Sat Dec 01 2018 17:26:19 GMT-0500 (Eastern Standard Time)
[debug] [2018-12-01T22:26:19.524Z] ----------------------------------------------------------------------
[debug] 
[debug] [2018-12-01T22:26:19.539Z] > command requires scopes: ["email","openid","https://www.googleapis.com/auth/cloudplatformprojects.readonly","https://www.googleapis.com/auth/firebase","https://www.googleapis.com/auth/cloud-platform"]
[debug] [2018-12-01T22:26:19.539Z] > authorizing via signed-in user
[debug] [2018-12-01T22:26:19.539Z] [iam] checking project friendlychat-8defa for permissions ["firebase.projects.get"]
[debug] [2018-12-01T22:26:19.539Z] >>> HTTP REQUEST POST https://cloudresourcemanager.googleapis.com/v1/projects/friendlychat-8defa:testIamPermissions  

[debug] [2018-12-01T22:26:19.839Z] <<< HTTP RESPONSE 200
[debug] [2018-12-01T22:26:19.839Z] >>> HTTP REQUEST GET https://cloudresourcemanager.googleapis.com/v1/projects/friendlychat-8defa  
 
[debug] [2018-12-01T22:26:20.120Z] <<< HTTP RESPONSE 200
[info] 
[info] === Serving from 'C:\Users\Hannah\Documents\friendlychat-web\web-start'...
[info] 
[debug] [2018-12-01T22:26:20.120Z] >>> HTTP REQUEST GET https://mobilesdk-pa.googleapis.com/v1/projects/1076341052285/clients/_:getWebAppConfig  
 
[debug] [2018-12-01T22:26:20.501Z] <<< HTTP RESPONSE 200
[info] i  hosting: Serving hosting files from: ./public
[info] +  hosting: Local server: http://localhost:5000
